Added Component: Designator=C1(0805)
Added Component: Designator=C2(0805)
Added Component: Designator=CJ1(CD4)
Added Component: Designator=FM(LB2)
Added Component: Designator=Q1(SOT-23)
Added Component: Designator=R1(0805)
Added Component: Designator=R2(0805)
Added Component: Designator=U1(DIP40)
Added Component: Designator=U2(shangla)
Added Component: Designator=U3(JZ)
Added Pin To Net: NetName=GND Pin=C1-2
Added Pin To Net: NetName=GND Pin=C2-2
Added Pin To Net: NetName=GND Pin=Q1-2
Added Pin To Net: NetName=GND Pin=R1-1
Added Pin To Net: NetName=GND Pin=U1-20
Added Net: Name=GND
Added Pin To Net: NetName=NetC1_1 Pin=C1-1
Added Pin To Net: NetName=NetC1_1 Pin=U1-19
Added Pin To Net: NetName=NetC1_1 Pin=U3-2
Added Net: Name=NetC1_1
Added Pin To Net: NetName=NetC2_1 Pin=C2-1
Added Pin To Net: NetName=NetC2_1 Pin=U1-18
Added Pin To Net: NetName=NetC2_1 Pin=U3-1
Added Net: Name=NetC2_1
Added Pin To Net: NetName=NetCJ1_2 Pin=CJ1-2
Added Pin To Net: NetName=NetCJ1_2 Pin=R1-2
Added Pin To Net: NetName=NetCJ1_2 Pin=U1-9
Added Net: Name=NetCJ1_2
Added Pin To Net: NetName=NetFM_2 Pin=FM-2
Added Pin To Net: NetName=NetFM_2 Pin=Q1-3
Added Net: Name=NetFM_2
Added Pin To Net: NetName=NetQ1_1 Pin=Q1-1
Added Pin To Net: NetName=NetQ1_1 Pin=R2-2
Added Net: Name=NetQ1_1
Added Pin To Net: NetName=NetR2_1 Pin=R2-1
Added Pin To Net: NetName=NetR2_1 Pin=U1-21
Added Net: Name=NetR2_1
Added Pin To Net: NetName=NetU1_32 Pin=U1-32
Added Pin To Net: NetName=NetU1_32 Pin=U2-8
Added Net: Name=NetU1_32
Added Pin To Net: NetName=NetU1_33 Pin=U1-33
Added Pin To Net: NetName=NetU1_33 Pin=U2-7
Added Net: Name=NetU1_33
Added Pin To Net: NetName=NetU1_34 Pin=U1-34
Added Pin To Net: NetName=NetU1_34 Pin=U2-6
Added Net: Name=NetU1_34
Added Pin To Net: NetName=NetU1_35 Pin=U1-35
Added Pin To Net: NetName=NetU1_35 Pin=U2-5
Added Net: Name=NetU1_35
Added Pin To Net: NetName=NetU1_36 Pin=U1-36
Added Pin To Net: NetName=NetU1_36 Pin=U2-4
Added Net: Name=NetU1_36
Added Pin To Net: NetName=NetU1_37 Pin=U1-37
Added Pin To Net: NetName=NetU1_37 Pin=U2-3
Added Net: Name=NetU1_37
Added Pin To Net: NetName=NetU1_38 Pin=U1-38
Added Pin To Net: NetName=NetU1_38 Pin=U2-2
Added Net: Name=NetU1_38
Added Pin To Net: NetName=NetU1_39 Pin=U1-39
Added Pin To Net: NetName=NetU1_39 Pin=U2-1
Added Net: Name=NetU1_39
Added Pin To Net: NetName=VCC Pin=CJ1-1
Added Pin To Net: NetName=VCC Pin=FM-1
Added Pin To Net: NetName=VCC Pin=U1-31
Added Pin To Net: NetName=VCC Pin=U1-40
Added Net: Name=VCC
Added Class: Name=lesson10
Added Room: Name=lesson10
