C51 COMPILER V6.12  LESSON2_1                                                              07/22/2007 10:19:57 PAGE 1   


C51 COMPILER V6.12, COMPILATION OF MODULE LESSON2_1
OBJECT MODULE PLACED IN .\lesson2_1.OBJ
COMPILER INVOKED BY: C:\Keil\C51\BIN\C51.EXE .\lesson2_1.c DEBUG OBJECTEXTEND

stmt level    source

   1          #include<reg52.h>
   2          sbit p1_1=P1^0;
   3          unsigned int a;
   4          void main()
   5          {
   6   1      	while(1)
   7   1      	{	
   8   2      		a=51000;
   9   2      		p1_1=0;
  10   2      		while(a--);
  11   2      		a=51000;
  12   2      		while(a--);
  13   2      
  14   2      		p1_1=1;
  15   2      		a=51000;
  16   2      		while(a--);
  17   2      		a=51000;
  18   2      		while(a--);
  19   2      	}
  20   1      }


MODULE INFORMATION:   STATIC OVERLAYABLE
   CODE SIZE        =     82    ----
   CONSTANT SIZE    =   ----    ----
   XDATA SIZE       =   ----    ----
   PDATA SIZE       =   ----    ----
   DATA SIZE        =      2    ----
   IDATA SIZE       =   ----    ----
   BIT SIZE         =   ----    ----
END OF MODULE INFORMATION.


C51 COMPILATION COMPLETE.  0 WARNING(S),  0 ERROR(S)
