C51 COMPILER V6.12  LESSON2_2                                                              07/22/2007 10:58:07 PAGE 1   


C51 COMPILER V6.12, COMPILATION OF MODULE LESSON2_2
OBJECT MODULE PLACED IN .\lesson2_2.OBJ
COMPILER INVOKED BY: C:\Keil\C51\BIN\C51.EXE .\lesson2_2.c DEBUG OBJECTEXTEND

stmt level    source

   1          #include<reg52.h>
   2          #define uint unsigned int 
   3          #define uchar unsigned char 
   4          sbit D1=P1^0;
   5          //void delay();
   6          void delay(uint);
   7          void main()
   8          {
   9   1      	while(1)
  10   1      	{
  11   2      		D1=0;
  12   2      		delay(100);
  13   2      		D1=1;
  14   2      		delay(100);	
  15   2      	}
  16   1      }
  17          /*
  18          void delay()
  19          {
  20          	uint x,y;
  21          	for(x=100;x>0;x--)
  22          		for(y=600;y>0;y--);	
  23          }*/
  24          void delay(uint z)
  25          {
  26   1      	uint x;
  27   1      	uchar y;
  28   1      	for(x=z;x>0;x--)
  29   1      		for(y=20;y>0;y--);	
  30   1      }


MODULE INFORMATION:   STATIC OVERLAYABLE
   CODE SIZE        =     41    ----
   CONSTANT SIZE    =   ----    ----
   XDATA SIZE       =   ----    ----
   PDATA SIZE       =   ----    ----
   DATA SIZE        =   ----    ----
   IDATA SIZE       =   ----    ----
   BIT SIZE         =   ----    ----
END OF MODULE INFORMATION.


C51 COMPILATION COMPLETE.  0 WARNING(S),  0 ERROR(S)
