C51 COMPILER V6.12  LESSON1_2                                                              07/21/2007 15:41:01 PAGE 1   


C51 COMPILER V6.12, COMPILATION OF MODULE LESSON1_2
OBJECT MODULE PLACED IN .\lesson1_2.OBJ
COMPILER INVOKED BY: C:\Keil\C51\BIN\C51.EXE .\lesson1_2.c DEBUG OBJECTEXTEND

stmt level    source

   1          #include<reg52.h>
   2          sbit D2=P1^2;
   3          unsigned int a;
   4          void main()
   5          {
   6   1      
   7   1          D2=0;
   8   1      	for(a=0;a<=10000;a++){};
   9   1      	D2=1;
  10   1      	for(a=0;a<=10000;a++){};
  11   1      }


MODULE INFORMATION:   STATIC OVERLAYABLE
   CODE SIZE        =     47    ----
   CONSTANT SIZE    =   ----    ----
   XDATA SIZE       =   ----    ----
   PDATA SIZE       =   ----    ----
   DATA SIZE        =      2    ----
   IDATA SIZE       =   ----    ----
   BIT SIZE         =   ----    ----
END OF MODULE INFORMATION.


C51 COMPILATION COMPLETE.  0 WARNING(S),  0 ERROR(S)
